d:\project\darkness\client\x64\debug\vc140.pdb
d:\project\darkness\client\x64\debug\vc140.idb
d:\project\darkness\client\x64\debug\d3dapp.obj
d:\project\darkness\client\x64\debug\d3dutil.obj
d:\project\darkness\client\x64\debug\dxerr.obj
d:\project\darkness\client\x64\debug\gametimer.obj
d:\project\darkness\client\x64\debug\geometrygenerator.obj
d:\project\darkness\client\x64\debug\lighthelper.obj
d:\project\darkness\client\x64\debug\mathhelper.obj
d:\project\darkness\client\x64\debug\texturemgr.obj
d:\project\darkness\client\x64\debug\waves.obj
d:\project\darkness\client\x64\debug\xnacollision.obj
d:\project\darkness\client\x64\debug\effects.obj
d:\project\darkness\client\x64\debug\fbxloader.obj
d:\project\darkness\client\x64\debug\main.obj
d:\project\darkness\client\x64\debug\maingame.obj
d:\project\darkness\client\x64\debug\particlesystem.obj
d:\project\darkness\client\x64\debug\renderstates.obj
d:\project\darkness\client\x64\debug\scenemaingame.obj
d:\project\darkness\client\x64\debug\sky.obj
d:\project\darkness\client\x64\debug\terrain.obj
d:\project\darkness\client\x64\debug\vertex.obj
d:\project\darkness\client\x64\debug\box.obj
d:\project\darkness\client\x64\debug\boxscene.obj
d:\project\darkness\client\x64\debug\building.obj
d:\project\darkness\client\x64\debug\camera.obj
d:\project\darkness\client\x64\debug\scenemanager.obj
d:\project\darkness\client\fx\color.fxo
d:\project\darkness\client\x64\debug\basic.cso
d:\project\darkness\client\x64\debug\fire.cso
d:\project\darkness\client\x64\debug\lighthelper.cso
d:\project\darkness\client\x64\debug\rain.cso
d:\project\darkness\client\x64\debug\sky.cso
d:\project\darkness\client\x64\debug\terrain.cso
d:\project\darkness\client\x64\debug\darkness.ilk
d:\project\darkness\client\x64\debug\darkness.exe
d:\project\darkness\client\x64\debug\darkness.pdb
d:\project\darkness\client\x64\debug\darkness.tlog\cl.command.1.tlog
d:\project\darkness\client\x64\debug\darkness.tlog\cl.read.1.tlog
d:\project\darkness\client\x64\debug\darkness.tlog\cl.write.1.tlog
d:\project\darkness\client\x64\debug\darkness.tlog\custombuild.command.1.tlog
d:\project\darkness\client\x64\debug\darkness.tlog\custombuild.read.1.tlog
d:\project\darkness\client\x64\debug\darkness.tlog\custombuild.write.1.tlog
d:\project\darkness\client\x64\debug\darkness.tlog\darkness.write.1u.tlog
d:\project\darkness\client\x64\debug\darkness.tlog\fxc.command.1.tlog
d:\project\darkness\client\x64\debug\darkness.tlog\fxc.read.1.tlog
d:\project\darkness\client\x64\debug\darkness.tlog\fxc.write.1.tlog
d:\project\darkness\client\x64\debug\darkness.tlog\link.command.1.tlog
d:\project\darkness\client\x64\debug\darkness.tlog\link.read.1.tlog
d:\project\darkness\client\x64\debug\darkness.tlog\link.write.1.tlog
